[s6-init] making user provided files available at /var/run/s6/etc...exited 0.
[s6-init] ensuring user provided files have correct perms...exited 0.
[fix-attrs.d] applying ownership & permissions fixes...
[fix-attrs.d] done.
[cont-init.d] executing container initialization scripts...
[cont-init.d] done.
[services.d] starting services
[services.d] done.
/opt/bin/serf agent --join ha --tag role=backend
==> Starting Serf agent...
==> Starting Serf agent RPC...
==> Serf agent running!
         Node name: '44c1fc80c1e5'
         Bind addr: '0.0.0.0:7946'
          RPC addr: '127.0.0.1:7373'
         Encrypted: false
          Snapshot: false
           Profile: lan
==> Joining cluster...(replay: false)
    Join completed. Synced with 1 initial agents

==> Log data will now stream in as it occurs:

    2019/12/11 14:37:38 [INFO] agent: Serf agent starting
    2019/12/11 14:37:38 [INFO] serf: EventMemberJoin: 44c1fc80c1e5 192.168.42.22
    2019/12/11 14:37:38 [INFO] agent: joining: [ha] replay: false
    2019/12/11 14:37:38 [INFO] serf: EventMemberJoin: d6acb8b96495 192.168.42.11
    2019/12/11 14:37:38 [INFO] serf: EventMemberJoin: 420d96f2408e 192.168.42.42
    2019/12/11 14:37:38 [INFO] agent: joined: 1 nodes
Application started
    2019/12/11 14:37:39 [INFO] agent: Received event: member-join
[0mHEAD / [32m200 [0m7.041 ms - 114[0m
[0mHEAD / [32m200 [0m0.816 ms - 114[0m
[0mHEAD / [32m200 [0m0.811 ms - 114[0m
[0mHEAD / [32m200 [0m0.769 ms - 114[0m
[0mHEAD / [32m200 [0m1.112 ms - 114[0m
[0mHEAD / [32m200 [0m0.703 ms - 114[0m
[0mHEAD / [32m200 [0m0.686 ms - 114[0m
[0mHEAD / [32m200 [0m0.668 ms - 114[0m
[0mHEAD / [32m200 [0m0.704 ms - 114[0m
[0mHEAD / [32m200 [0m0.684 ms - 114[0m
[0mHEAD / [32m200 [0m0.699 ms - 114[0m
[0mHEAD / [32m200 [0m0.699 ms - 114[0m
[0mHEAD / [32m200 [0m0.650 ms - 114[0m
[0mHEAD / [32m200 [0m0.683 ms - 114[0m
[0mHEAD / [32m200 [0m0.636 ms - 114[0m
